<?xml version="1.0" encoding="UTF-8"?>
<!-- Generated by org.testng.reporters.JUnitXMLReporter -->
<testsuite hostname="DESKTOP-TMMSC60" ignored="0" name="Test" tests="1" failures="1" timestamp="16 Jul 2018 14:57:07 GMT" time="0.052" errors="0">
  <testcase name="startApp" time="0.0" classname="deltaXOnline.Runner">
    <failure type="org.testng.TestNGException" message="
Cannot inject @Test annotated Method [startApp] with [class java.lang.String].
For more information on native dependency injection please refer to http://testng.org/doc/documentation-main.html#native-dependency-injection">
      <![CDATA[org.testng.TestNGException: 
Cannot inject @Test annotated Method [startApp] with [class java.lang.String].
For more information on native dependency injection please refer to http://testng.org/doc/documentation-main.html#native-dependency-injection
... Removed 24 stack frames]]>
    </failure>
  </testcase> <!-- startApp -->
</testsuite> <!-- Test -->
