<?xml version="1.0" encoding="UTF-8"?>
<testng-results skipped="0" failed="1" ignored="0" total="10" passed="9">
  <reporter-output>
  </reporter-output>
  <suite name="Default suite" duration-ms="7947" started-at="2018-07-17T00:37:59Z" finished-at="2018-07-17T00:38:07Z">
    <groups>
    </groups>
    <test name="Default test" duration-ms="7947" started-at="2018-07-17T00:37:59Z" finished-at="2018-07-17T00:38:07Z">
      <class name="deltaXOnline.DefinedMethods">
        <test-method status="PASS" signature="startApp()[pri:0, instance:deltaXOnline.DefinedMethods@5cb9f472]" name="startApp" duration-ms="6207" started-at="2018-07-17T00:37:59Z" finished-at="2018-07-17T00:38:05Z">
          <reporter-output>
          </reporter-output>
        </test-method> <!-- startApp -->
        <test-method status="PASS" signature="firstName()[pri:1, instance:deltaXOnline.DefinedMethods@5cb9f472]" name="firstName" duration-ms="207" started-at="2018-07-17T00:38:05Z" finished-at="2018-07-17T00:38:06Z">
          <reporter-output>
          </reporter-output>
        </test-method> <!-- firstName -->
        <test-method status="PASS" signature="lastName()[pri:2, instance:deltaXOnline.DefinedMethods@5cb9f472]" name="lastName" duration-ms="157" started-at="2018-07-17T00:38:06Z" finished-at="2018-07-17T00:38:06Z">
          <reporter-output>
          </reporter-output>
        </test-method> <!-- lastName -->
        <test-method status="PASS" signature="department()[pri:3, instance:deltaXOnline.DefinedMethods@5cb9f472]" name="department" duration-ms="145" started-at="2018-07-17T00:38:06Z" finished-at="2018-07-17T00:38:06Z">
          <reporter-output>
          </reporter-output>
        </test-method> <!-- department -->
        <test-method status="PASS" signature="userName()[pri:4, instance:deltaXOnline.DefinedMethods@5cb9f472]" name="userName" duration-ms="273" started-at="2018-07-17T00:38:06Z" finished-at="2018-07-17T00:38:06Z">
          <reporter-output>
          </reporter-output>
        </test-method> <!-- userName -->
        <test-method status="PASS" signature="passWord()[pri:5, instance:deltaXOnline.DefinedMethods@5cb9f472]" name="passWord" duration-ms="159" started-at="2018-07-17T00:38:06Z" finished-at="2018-07-17T00:38:06Z">
          <reporter-output>
          </reporter-output>
        </test-method> <!-- passWord -->
        <test-method status="PASS" signature="cnfPassWord()[pri:6, instance:deltaXOnline.DefinedMethods@5cb9f472]" name="cnfPassWord" duration-ms="160" started-at="2018-07-17T00:38:06Z" finished-at="2018-07-17T00:38:07Z">
          <reporter-output>
          </reporter-output>
        </test-method> <!-- cnfPassWord -->
        <test-method status="PASS" signature="email()[pri:7, instance:deltaXOnline.DefinedMethods@5cb9f472]" name="email" duration-ms="363" started-at="2018-07-17T00:38:07Z" finished-at="2018-07-17T00:38:07Z">
          <reporter-output>
          </reporter-output>
        </test-method> <!-- email -->
        <test-method status="PASS" signature="mobile()[pri:8, instance:deltaXOnline.DefinedMethods@5cb9f472]" name="mobile" duration-ms="155" started-at="2018-07-17T00:38:07Z" finished-at="2018-07-17T00:38:07Z">
          <reporter-output>
          </reporter-output>
        </test-method> <!-- mobile -->
        <test-method status="FAIL" signature="click()[pri:9, instance:deltaXOnline.DefinedMethods@5cb9f472]" name="click" duration-ms="52" started-at="2018-07-17T00:38:07Z" finished-at="2018-07-17T00:38:07Z">
          <exception class="org.openqa.selenium.NoSuchElementException">
            <message>
              <![CDATA[no such element: Unable to locate element: {"method":"name","selector":"btn btn-warning"}
  (Session info: chrome=67.0.3396.99)
  (Driver info: chromedriver=2.37.543627 (63642262d9fb93fb4ab52398be4286d844092a5e),platform=Windows NT 10.0.17134 x86_64) (WARNING: The server did not provide any stacktrace information)
Command duration or timeout: 0 milliseconds
For documentation on this error, please visit: http://seleniumhq.org/exceptions/no_such_element.html
Build info: version: '3.12.0', revision: '7c6e0b3', time: '2018-05-08T14:04:26.12Z'
System info: host: 'DESKTOP-TMMSC60', ip: '192.168.0.8', os.name: 'Windows 10', os.arch: 'amd64', os.version: '10.0', java.version: '1.8.0_171'
Driver info: org.openqa.selenium.chrome.ChromeDriver
Capabilities {acceptInsecureCerts: false, acceptSslCerts: false, applicationCacheEnabled: false, browserConnectionEnabled: false, browserName: chrome, chrome: {chromedriverVersion: 2.37.543627 (63642262d9fb93..., userDataDir: C:\Users\spaul\AppData\Loca...}, cssSelectorsEnabled: true, databaseEnabled: false, handlesAlerts: true, hasTouchScreen: false, javascriptEnabled: true, locationContextEnabled: true, mobileEmulationEnabled: false, nativeEvents: true, networkConnectionEnabled: false, pageLoadStrategy: normal, platform: XP, platformName: XP, rotatable: false, setWindowRect: true, takesHeapSnapshot: true, takesScreenshot: true, unexpectedAlertBehaviour: , unhandledPromptBehavior: , version: 67.0.3396.99, webStorageEnabled: true}
Session ID: e31a2fad13783e1cc94a1f512a01191c
*** Element info: {Using=name, value=btn btn-warning}]]>
            </message>
            <full-stacktrace>
              <![CDATA[org.openqa.selenium.NoSuchElementException: no such element: Unable to locate element: {"method":"name","selector":"btn btn-warning"}
  (Session info: chrome=67.0.3396.99)
  (Driver info: chromedriver=2.37.543627 (63642262d9fb93fb4ab52398be4286d844092a5e),platform=Windows NT 10.0.17134 x86_64) (WARNING: The server did not provide any stacktrace information)
Command duration or timeout: 0 milliseconds
For documentation on this error, please visit: http://seleniumhq.org/exceptions/no_such_element.html
Build info: version: '3.12.0', revision: '7c6e0b3', time: '2018-05-08T14:04:26.12Z'
System info: host: 'DESKTOP-TMMSC60', ip: '192.168.0.8', os.name: 'Windows 10', os.arch: 'amd64', os.version: '10.0', java.version: '1.8.0_171'
Driver info: org.openqa.selenium.chrome.ChromeDriver
Capabilities {acceptInsecureCerts: false, acceptSslCerts: false, applicationCacheEnabled: false, browserConnectionEnabled: false, browserName: chrome, chrome: {chromedriverVersion: 2.37.543627 (63642262d9fb93..., userDataDir: C:\Users\spaul\AppData\Loca...}, cssSelectorsEnabled: true, databaseEnabled: false, handlesAlerts: true, hasTouchScreen: false, javascriptEnabled: true, locationContextEnabled: true, mobileEmulationEnabled: false, nativeEvents: true, networkConnectionEnabled: false, pageLoadStrategy: normal, platform: XP, platformName: XP, rotatable: false, setWindowRect: true, takesHeapSnapshot: true, takesScreenshot: true, unexpectedAlertBehaviour: , unhandledPromptBehavior: , version: 67.0.3396.99, webStorageEnabled: true}
Session ID: e31a2fad13783e1cc94a1f512a01191c
*** Element info: {Using=name, value=btn btn-warning}
at sun.reflect.NativeConstructorAccessorImpl.newInstance0(Native Method)
at sun.reflect.NativeConstructorAccessorImpl.newInstance(NativeConstructorAccessorImpl.java:62)
at sun.reflect.DelegatingConstructorAccessorImpl.newInstance(DelegatingConstructorAccessorImpl.java:45)
at java.lang.reflect.Constructor.newInstance(Constructor.java:423)
at org.openqa.selenium.remote.ErrorHandler.createThrowable(ErrorHandler.java:214)
at org.openqa.selenium.remote.ErrorHandler.throwIfResponseFailed(ErrorHandler.java:166)
at org.openqa.selenium.remote.http.JsonHttpResponseCodec.reconstructValue(JsonHttpResponseCodec.java:40)
at org.openqa.selenium.remote.http.AbstractHttpResponseCodec.decode(AbstractHttpResponseCodec.java:80)
at org.openqa.selenium.remote.http.AbstractHttpResponseCodec.decode(AbstractHttpResponseCodec.java:44)
at org.openqa.selenium.remote.HttpCommandExecutor.execute(HttpCommandExecutor.java:158)
at org.openqa.selenium.remote.service.DriverCommandExecutor.execute(DriverCommandExecutor.java:83)
at org.openqa.selenium.remote.RemoteWebDriver.execute(RemoteWebDriver.java:543)
at org.openqa.selenium.remote.RemoteWebDriver.findElement(RemoteWebDriver.java:317)
at org.openqa.selenium.remote.RemoteWebDriver.findElementByName(RemoteWebDriver.java:395)
at deltaXOnline.Methods.click(Methods.java:53)
at deltaXOnline.DefinedMethods.click(DefinedMethods.java:60)
at sun.reflect.NativeMethodAccessorImpl.invoke0(Native Method)
at sun.reflect.NativeMethodAccessorImpl.invoke(NativeMethodAccessorImpl.java:62)
at sun.reflect.DelegatingMethodAccessorImpl.invoke(DelegatingMethodAccessorImpl.java:43)
at java.lang.reflect.Method.invoke(Method.java:498)
at org.testng.internal.MethodInvocationHelper.invokeMethod(MethodInvocationHelper.java:124)
at org.testng.internal.Invoker.invokeMethod(Invoker.java:583)
at org.testng.internal.Invoker.invokeTestMethod(Invoker.java:719)
at org.testng.internal.Invoker.invokeTestMethods(Invoker.java:989)
at org.testng.internal.TestMethodWorker.invokeTestMethods(TestMethodWorker.java:125)
at org.testng.internal.TestMethodWorker.run(TestMethodWorker.java:109)
at org.testng.TestRunner.privateRun(TestRunner.java:648)
at org.testng.TestRunner.run(TestRunner.java:505)
at org.testng.SuiteRunner.runTest(SuiteRunner.java:455)
at org.testng.SuiteRunner.runSequentially(SuiteRunner.java:450)
at org.testng.SuiteRunner.privateRun(SuiteRunner.java:415)
at org.testng.SuiteRunner.run(SuiteRunner.java:364)
at org.testng.SuiteRunnerWorker.runSuite(SuiteRunnerWorker.java:52)
at org.testng.SuiteRunnerWorker.run(SuiteRunnerWorker.java:84)
at org.testng.TestNG.runSuitesSequentially(TestNG.java:1208)
at org.testng.TestNG.runSuitesLocally(TestNG.java:1137)
at org.testng.TestNG.runSuites(TestNG.java:1049)
at org.testng.TestNG.run(TestNG.java:1017)
at org.testng.remote.AbstractRemoteTestNG.run(AbstractRemoteTestNG.java:114)
at org.testng.remote.RemoteTestNG.initAndRun(RemoteTestNG.java:251)
at org.testng.remote.RemoteTestNG.main(RemoteTestNG.java:77)
]]>
            </full-stacktrace>
          </exception> <!-- org.openqa.selenium.NoSuchElementException -->
          <reporter-output>
          </reporter-output>
        </test-method> <!-- click -->
      </class> <!-- deltaXOnline.DefinedMethods -->
    </test> <!-- Default test -->
  </suite> <!-- Default suite -->
</testng-results>
